>>> 5/19/2017 15:34:46:916 edit2

GFX Coinstaller (1.3.18.0) I

Getting path to executing DLL...

	Path to executing dll is: C:\Windows\System32\DriverStore\FileRepository\ki118908.inf_amd64_7ccb7869f79a7c67

Attempting to install the Audio Files...

	 Setting CAB file path...

		 CAB path set to: C:\Windows\System32\DriverStore\FileRepository\ki118908.inf_amd64_7ccb7869f79a7c67\DisplayAudiox64.cab

	 Attempting to extract CAB file...

		 Source = C:\Windows\System32\DriverStore\FileRepository\ki118908.inf_amd64_7ccb7869f79a7c67\DisplayAudiox64.cab

		 Destination = C:\Windows\temp\intel-gfx-installer-C3D9886E-5DDF-48BC-AD93-09E28F54964A\DisplayAudio

		 CAB Extraction Successful.

	 Attempting to install INF = C:\Windows\temp\intel-gfx-installer-C3D9886E-5DDF-48BC-AD93-09E28F54964A\DisplayAudio\10.22\IntcDAud.inf

		 Pre-Installing driver...

		 SUCCESS: Driver fully installed

	 Attempting to install INF = C:\Windows\temp\intel-gfx-installer-C3D9886E-5DDF-48BC-AD93-09E28F54964A\DisplayAudio\6.16\IntcDAud.inf

		 Pre-Installing driver...

		 PARTIAL SUCCESS: Driver only pre-installed

			 DriverPackageInstall() result = 0xE000020B

	 Cleaning up extraction folder at: C:\Windows\temp\intel-gfx-installer-C3D9886E-5DDF-48BC-AD93-09E28F54964A\DisplayAudio

	 Successfully installed Audio Files

OS Version: 10.0.14393

Finding Vulkan Loader executable...

	Vulkan Loader executable not found.

Version not found for file: C:\Windows\SysWoW64\OpenCL.DLL

No Destination file resolution: Install

Copying and renaming 32-bit dll

Version not found for file: C:\Windows\system32\OpenCL.DLL

No Destination file resolution: Install

Copying and renaming 64-bit dll

Finding WiDi executable...

	WiDi executable not found.

Checking version.ini file

Opening INI file for OpenCL

Found string token 6.6.0.336

Opening Reg OpenCL key cpu_version for KEY_WOW64_64KEY

[RegOpenKeyEx] Software\Intel\OpenCL doesn't exist creating

Setting Reg OpenCL key cpu_version for KEY_WOW64_64KEY

Opening Reg OpenCL key cpu_path for KEY_WOW64_64KEY

Setting Reg OpenCL key cpu_path for KEY_WOW64_64KEY

Opening Reg OpenCL key cpu_version for KEY_WOW64_32KEY

[RegOpenKeyEx] Software\Intel\OpenCL doesn't exist creating

Setting Reg OpenCL key cpu_version for KEY_WOW64_32KEY

Opening Reg OpenCL key cpu_path for KEY_WOW64_32KEY

Setting Reg OpenCL key cpu_path for KEY_WOW64_32KEY

Getting path to executing DLL...

	Path to executing dll is: C:\Windows\System32\DriverStore\FileRepository\ki118908.inf_amd64_7ccb7869f79a7c67

Detected active GFX (co)installer; exiting

>>> 11/27/2017 17:17:11:999

GFX Coinstaller (1.3.25.0) I

Getting path to executing DLL...

	Path to executing dll is: C:\Windows\System32\DriverStore\FileRepository\ki124538.inf_amd64_38801626506e1429

Attempting to install the Audio Files...

	 Setting CAB file path...

		 CAB path set to: C:\Windows\System32\DriverStore\FileRepository\ki124538.inf_amd64_38801626506e1429\DisplayAudiox64.cab

	 Attempting to extract CAB file...

		 Source = C:\Windows\System32\DriverStore\FileRepository\ki124538.inf_amd64_38801626506e1429\DisplayAudiox64.cab

		 Destination = C:\Windows\temp\intel-gfx-installer-C3D9886E-5DDF-48BC-AD93-09E28F54964A\DisplayAudio

		 CAB Extraction Successful.

	 Attempting to install INF = C:\Windows\temp\intel-gfx-installer-C3D9886E-5DDF-48BC-AD93-09E28F54964A\DisplayAudio\10.22\IntcDAud.inf

		 Pre-Installing driver...

		 SUCCESS: Driver fully installed

	 Cleaning up extraction folder at: C:\Windows\temp\intel-gfx-installer-C3D9886E-5DDF-48BC-AD93-09E28F54964A\DisplayAudio

	 Successfully installed Audio Files

Removing all Vulkan\Drivers entries in the Registry that do not match 38801626506e1429 (obtained from package path : C:\Windows\System32\DriverStore\FileRepository\ki124538.inf_amd64_38801626506e1429)

Checking to see if C:\Windows\SysWow64\amd-vulkan32.json contains the INF hash code 38801626506e1429 - Intel Drivers: 0

Checking to see if C:\Windows\System32\DriverStore\FileRepository\ki124538.inf_amd64_38801626506e1429\igvk32.json contains the INF hash code 38801626506e1429 - Intel Drivers: 1

Checking to see if C:\Windows\System32\DriverStore\FileRepository\ki118908.inf_amd64_7ccb7869f79a7c67\IntelOpenCL32.dll contains the INF hash code 38801626506e1429 - Intel Drivers: 1

Adding Registry value: C:\Windows\System32\DriverStore\FileRepository\ki118908.inf_amd64_7ccb7869f79a7c67\IntelOpenCL32.dll to vector so it can be deleted later.

Checking to see if C:\Windows\System32\DriverStore\FileRepository\c0306912.inf_amd64_f9424864132ce326\amdocl.dll contains the INF hash code 38801626506e1429 - Intel Drivers: 0

Checking to see if C:\Windows\System32\DriverStore\FileRepository\ki124538.inf_amd64_38801626506e1429\IntelOpenCL32.dll contains the INF hash code 38801626506e1429 - Intel Drivers: 1

Deleting Registry value : C:\Windows\System32\DriverStore\FileRepository\ki118908.inf_amd64_7ccb7869f79a7c67\IntelOpenCL32.dll

Checking to see if C:\Windows\System32\amd-vulkan64.json contains the INF hash code 38801626506e1429 - Intel Drivers: 0

Checking to see if C:\Windows\System32\DriverStore\FileRepository\ki124538.inf_amd64_38801626506e1429\igvk64.json contains the INF hash code 38801626506e1429 - Intel Drivers: 1

Checking to see if C:\Windows\System32\DriverStore\FileRepository\ki118908.inf_amd64_7ccb7869f79a7c67\IntelOpenCL64.dll contains the INF hash code 38801626506e1429 - Intel Drivers: 1

Adding Registry value: C:\Windows\System32\DriverStore\FileRepository\ki118908.inf_amd64_7ccb7869f79a7c67\IntelOpenCL64.dll to vector so it can be deleted later.

Checking to see if C:\Windows\System32\DriverStore\FileRepository\c0306912.inf_amd64_f9424864132ce326\amdocl64.dll contains the INF hash code 38801626506e1429 - Intel Drivers: 0

Checking to see if C:\Windows\System32\DriverStore\FileRepository\ki124538.inf_amd64_38801626506e1429\IntelOpenCL64.dll contains the INF hash code 38801626506e1429 - Intel Drivers: 1

Deleting Registry value : C:\Windows\System32\DriverStore\FileRepository\ki118908.inf_amd64_7ccb7869f79a7c67\IntelOpenCL64.dll

OS Version: 10.0.14393

Finding Vulkan Loader executable...

	Executing command: C:\Windows\System32\DriverStore\FileRepository\ki124538.inf_amd64_38801626506e1429\VulkanRT-Installer.exe /S

Destination not greater: Install

Destination not greater: Install

Checking version.ini file

Opening INI file for OpenCL

Found string token 7.2.0.10

Opening Reg OpenCL key cpu_version for KEY_WOW64_64KEY

Setting Reg OpenCL key cpu_version for KEY_WOW64_64KEY

Opening Reg OpenCL key cpu_path for KEY_WOW64_64KEY

Setting Reg OpenCL key cpu_path for KEY_WOW64_64KEY

Opening Reg OpenCL key cpu_version for KEY_WOW64_32KEY

Setting Reg OpenCL key cpu_version for KEY_WOW64_32KEY

Opening Reg OpenCL key cpu_path for KEY_WOW64_32KEY

Setting Reg OpenCL key cpu_path for KEY_WOW64_32KEY

Getting path to executing DLL...

	Path to executing dll is: C:\Windows\System32\DriverStore\FileRepository\ki124538.inf_amd64_38801626506e1429

Preparing to launch installer

	 Obtaining INF filename

		 Filename: C:\Windows\INF\oem38.inf

		 HWID: pci\ven_8086&dev_5916&subsys_07671028

		 Section: iKBLD_w10_DS

		 PackageInfo/INFSource: c:\programdata\microsoft\windows\devicesoftwareupdates\44a18da8-f4fc-4f22-a896-a29445f567e5

		 Using source path: c:\programdata\microsoft\windows\devicesoftwareupdates\44a18da8-f4fc-4f22-a896-a29445f567e5

	 OS Version: 0xA

	 Attempting to extract CAB file...

		 Source = C:\Windows\System32\DriverStore\FileRepository\ki124538.inf_amd64_38801626506e1429\igxplang.cab

		 Destination = C:\Windows\temp\intel-gfx-installer-C3D9886E-5DDF-48BC-AD93-09E28F54964A\Lang

		 Error locating CAB file: 0x2

	 Error locating installer at: C:\Windows\System32\DriverStore\FileRepository\ki124538.inf_amd64_38801626506e1429\igxpun.exe

	 Using installer located at: c:\programdata\microsoft\windows\devicesoftwareupdates\44a18da8-f4fc-4f22-a896-a29445f567e5\igxpun.exe

	 Launching installer: c:\programdata\microsoft\windows\devicesoftwareupdates\44a18da8-f4fc-4f22-a896-a29445f567e5\igxpun.exe -s -report "c:\Intel\Logs" -coin "C:\Windows\INF\oem38.inf"

		 Installer launched successfully

		 Installer exit code: 0

*Exiting*

OS Version: 10.0.14393

OS Version: 10.0.14393

>>> 11/28/2017 16:04:16:011

GFX Coinstaller (1.3.25.0) I

Getting path to executing DLL...

	Path to executing dll is: C:\WINDOWS\System32\DriverStore\FileRepository\ki124538.inf_amd64_38801626506e1429

Attempting to install the Audio Files...

	 Setting CAB file path...

		 CAB path set to: C:\WINDOWS\System32\DriverStore\FileRepository\ki124538.inf_amd64_38801626506e1429\DisplayAudiox64.cab

	 Attempting to extract CAB file...

		 Source = C:\WINDOWS\System32\DriverStore\FileRepository\ki124538.inf_amd64_38801626506e1429\DisplayAudiox64.cab

		 Destination = C:\WINDOWS\temp\intel-gfx-installer-C3D9886E-5DDF-48BC-AD93-09E28F54964A\DisplayAudio

		 CAB Extraction Successful.

	 Attempting to install INF = C:\WINDOWS\temp\intel-gfx-installer-C3D9886E-5DDF-48BC-AD93-09E28F54964A\DisplayAudio\10.22\IntcDAud.inf

		 Pre-Installing driver...

		 SUCCESS: Driver fully installed

	 Cleaning up extraction folder at: C:\WINDOWS\temp\intel-gfx-installer-C3D9886E-5DDF-48BC-AD93-09E28F54964A\DisplayAudio

	 Successfully installed Audio Files

Removing all Vulkan\Drivers entries in the Registry that do not match 38801626506e1429 (obtained from package path : C:\WINDOWS\System32\DriverStore\FileRepository\ki124538.inf_amd64_38801626506e1429)

Checking to see if C:\WINDOWS\System32\DriverStore\FileRepository\ki124538.inf_amd64_38801626506e1429\igvk32.json contains the INF hash code 38801626506e1429 - Intel Drivers: 1

Checking to see if C:\WINDOWS\System32\DriverStore\FileRepository\ki124538.inf_amd64_38801626506e1429\IntelOpenCL32.dll contains the INF hash code 38801626506e1429 - Intel Drivers: 1

Checking to see if C:\WINDOWS\System32\DriverStore\FileRepository\ki124538.inf_amd64_38801626506e1429\igvk64.json contains the INF hash code 38801626506e1429 - Intel Drivers: 1

Checking to see if C:\WINDOWS\System32\DriverStore\FileRepository\ki124538.inf_amd64_38801626506e1429\IntelOpenCL64.dll contains the INF hash code 38801626506e1429 - Intel Drivers: 1

OS Version: 10.0.15063

Finding Vulkan Loader executable...

	Executing command: C:\WINDOWS\System32\DriverStore\FileRepository\ki124538.inf_amd64_38801626506e1429\VulkanRT-Installer.exe /S

Version not found for file: C:\WINDOWS\SysWOW64\OpenCL.DLL

No Destination file resolution: Install

Copying and renaming 32-bit dll

Version not found for file: C:\WINDOWS\system32\OpenCL.DLL

No Destination file resolution: Install

Copying and renaming 64-bit dll

Checking version.ini file

Opening INI file for OpenCL

Found string token 7.2.0.10

Opening Reg OpenCL key cpu_version for KEY_WOW64_64KEY

[RegOpenKeyEx] Software\Intel\OpenCL doesn't exist creating

Setting Reg OpenCL key cpu_version for KEY_WOW64_64KEY

Opening Reg OpenCL key cpu_path for KEY_WOW64_64KEY

Setting Reg OpenCL key cpu_path for KEY_WOW64_64KEY

Opening Reg OpenCL key cpu_version for KEY_WOW64_32KEY

[RegOpenKeyEx] Software\Intel\OpenCL doesn't exist creating

Setting Reg OpenCL key cpu_version for KEY_WOW64_32KEY

Opening Reg OpenCL key cpu_path for KEY_WOW64_32KEY

Setting Reg OpenCL key cpu_path for KEY_WOW64_32KEY

Getting path to executing DLL...

	Path to executing dll is: C:\WINDOWS\System32\DriverStore\FileRepository\ki124538.inf_amd64_38801626506e1429

Preparing to launch installer

	 Obtaining INF filename

		 Filename: C:\WINDOWS\INF\oem0.inf

		 HWID: pci\ven_8086&dev_5916&subsys_07671028

		 Section: iKBLD_w10_DS

		 PackageInfo/INFSource: C:\Windows\System32\DriverStore\FileRepository\ki124538.inf_amd64_38801626506e1429

		 Using source path: C:\Windows\System32\DriverStore\FileRepository\ki124538.inf_amd64_38801626506e1429

	 OS Version: 0xA

	 Attempting to extract CAB file...

		 Source = C:\WINDOWS\System32\DriverStore\FileRepository\ki124538.inf_amd64_38801626506e1429\igxplang.cab

		 Destination = C:\WINDOWS\temp\intel-gfx-installer-C3D9886E-5DDF-48BC-AD93-09E28F54964A\Lang

		 Error locating CAB file: 0x2

	 Error locating installer at: C:\Windows\System32\DriverStore\FileRepository\ki124538.inf_amd64_38801626506e1429\igxpun.exe

	 Error locating installer at: 

*Exiting*

OS Version: 10.0.15063

OS Version: 10.0.15063

>>> 1/02/2018 16:04:34:779

GFX Coinstaller (1.3.25.0) I

Getting path to executing DLL...

	Path to executing dll is: C:\WINDOWS\System32\DriverStore\FileRepository\ki124538.inf_amd64_38801626506e1429

Attempting to install the Audio Files...

	 Setting CAB file path...

		 CAB path set to: C:\WINDOWS\System32\DriverStore\FileRepository\ki124538.inf_amd64_38801626506e1429\DisplayAudiox64.cab

	 Attempting to extract CAB file...

		 Source = C:\WINDOWS\System32\DriverStore\FileRepository\ki124538.inf_amd64_38801626506e1429\DisplayAudiox64.cab

		 Destination = C:\WINDOWS\temp\intel-gfx-installer-C3D9886E-5DDF-48BC-AD93-09E28F54964A\DisplayAudio

		 CAB Extraction Successful.

	 Attempting to install INF = C:\WINDOWS\temp\intel-gfx-installer-C3D9886E-5DDF-48BC-AD93-09E28F54964A\DisplayAudio\10.22\IntcDAud.inf

		 Pre-Installing driver...

		 SUCCESS: Driver fully installed

	 Cleaning up extraction folder at: C:\WINDOWS\temp\intel-gfx-installer-C3D9886E-5DDF-48BC-AD93-09E28F54964A\DisplayAudio

	 Successfully installed Audio Files

Removing all Vulkan\Drivers entries in the Registry that do not match 38801626506e1429 (obtained from package path : C:\WINDOWS\System32\DriverStore\FileRepository\ki124538.inf_amd64_38801626506e1429)

Checking to see if C:\WINDOWS\System32\DriverStore\FileRepository\ki124538.inf_amd64_38801626506e1429\igvk32.json contains the INF hash code 38801626506e1429 - Intel Drivers: 1

Checking to see if C:\WINDOWS\SysWow64\amd-vulkan32.json contains the INF hash code 38801626506e1429 - Intel Drivers: 0

Checking to see if C:\WINDOWS\System32\DriverStore\FileRepository\ki124538.inf_amd64_38801626506e1429\IntelOpenCL32.dll contains the INF hash code 38801626506e1429 - Intel Drivers: 1

Checking to see if C:\WINDOWS\System32\DriverStore\FileRepository\c0320046.inf_amd64_8e8f6af872d98101\amdocl.dll contains the INF hash code 38801626506e1429 - Intel Drivers: 0

Checking to see if C:\WINDOWS\System32\DriverStore\FileRepository\ki124538.inf_amd64_38801626506e1429\igvk64.json contains the INF hash code 38801626506e1429 - Intel Drivers: 1

Checking to see if C:\WINDOWS\System32\amd-vulkan64.json contains the INF hash code 38801626506e1429 - Intel Drivers: 0

Checking to see if C:\WINDOWS\System32\DriverStore\FileRepository\ki124538.inf_amd64_38801626506e1429\IntelOpenCL64.dll contains the INF hash code 38801626506e1429 - Intel Drivers: 1

Checking to see if C:\WINDOWS\System32\DriverStore\FileRepository\c0320046.inf_amd64_8e8f6af872d98101\amdocl64.dll contains the INF hash code 38801626506e1429 - Intel Drivers: 0

OS Version: 10.0.16299

Finding Vulkan Loader executable...

	Executing command: C:\WINDOWS\System32\DriverStore\FileRepository\ki124538.inf_amd64_38801626506e1429\VulkanRT-Installer.exe /S

Version not found for file: C:\WINDOWS\SysWOW64\OpenCL.DLL

No Destination file resolution: Install

Copying and renaming 32-bit dll

Version not found for file: C:\WINDOWS\system32\OpenCL.DLL

No Destination file resolution: Install

Copying and renaming 64-bit dll

Checking version.ini file

Opening INI file for OpenCL

Found string token 7.2.0.10

Opening Reg OpenCL key cpu_version for KEY_WOW64_64KEY

Setting Reg OpenCL key cpu_version for KEY_WOW64_64KEY

Opening Reg OpenCL key cpu_path for KEY_WOW64_64KEY

Setting Reg OpenCL key cpu_path for KEY_WOW64_64KEY

Opening Reg OpenCL key cpu_version for KEY_WOW64_32KEY

Setting Reg OpenCL key cpu_version for KEY_WOW64_32KEY

Opening Reg OpenCL key cpu_path for KEY_WOW64_32KEY

Setting Reg OpenCL key cpu_path for KEY_WOW64_32KEY

Getting path to executing DLL...

	Path to executing dll is: C:\WINDOWS\System32\DriverStore\FileRepository\ki124538.inf_amd64_38801626506e1429

Preparing to launch installer

	 Obtaining INF filename

		 Filename: C:\WINDOWS\INF\oem1.inf

		 HWID: pci\ven_8086&dev_5916&subsys_07671028

		 Section: iKBLD_w10_DS

		 PackageInfo/INFSource: C:\Windows\System32\DriverStore\FileRepository\ki124538.inf_amd64_38801626506e1429

		 Using source path: C:\Windows\System32\DriverStore\FileRepository\ki124538.inf_amd64_38801626506e1429

	 OS Version: 0xA

	 Attempting to extract CAB file...

		 Source = C:\WINDOWS\System32\DriverStore\FileRepository\ki124538.inf_amd64_38801626506e1429\igxplang.cab

		 Destination = C:\WINDOWS\temp\intel-gfx-installer-C3D9886E-5DDF-48BC-AD93-09E28F54964A\Lang

		 Error locating CAB file: 0x2

	 Error locating installer at: C:\Windows\System32\DriverStore\FileRepository\ki124538.inf_amd64_38801626506e1429\igxpun.exe

	 Error locating installer at: 

*Exiting*

OS Version: 10.0.16299

OS Version: 10.0.16299

>>> 1/24/2018 14:16:10:606

GFX Coinstaller (1.3.25.0) I

Getting path to executing DLL...

	Path to executing dll is: C:\WINDOWS\System32\DriverStore\FileRepository\ki125183.inf_amd64_cb49708b33bad074

Attempting to install the Audio Files...

	 Setting CAB file path...

		 CAB path set to: C:\WINDOWS\System32\DriverStore\FileRepository\ki125183.inf_amd64_cb49708b33bad074\DisplayAudiox64.cab

	 Attempting to extract CAB file...

		 Source = C:\WINDOWS\System32\DriverStore\FileRepository\ki125183.inf_amd64_cb49708b33bad074\DisplayAudiox64.cab

		 Destination = C:\WINDOWS\temp\intel-gfx-installer-C3D9886E-5DDF-48BC-AD93-09E28F54964A\DisplayAudio

		 CAB Extraction Successful.

	 Attempting to install INF = C:\WINDOWS\temp\intel-gfx-installer-C3D9886E-5DDF-48BC-AD93-09E28F54964A\DisplayAudio\10.23\IntcDAud.inf

		 Pre-Installing driver...

		 SUCCESS: Driver fully installed

	 Cleaning up extraction folder at: C:\WINDOWS\temp\intel-gfx-installer-C3D9886E-5DDF-48BC-AD93-09E28F54964A\DisplayAudio

	 Successfully installed Audio Files

Removing all Vulkan\Drivers entries in the Registry that do not match cb49708b33bad074 (obtained from package path : C:\WINDOWS\System32\DriverStore\FileRepository\ki125183.inf_amd64_cb49708b33bad074)

Checking to see if C:\WINDOWS\System32\DriverStore\FileRepository\ki124538.inf_amd64_38801626506e1429\igvk32.json contains the INF hash code cb49708b33bad074 - Intel Drivers: 1

Adding Registry value: C:\WINDOWS\System32\DriverStore\FileRepository\ki124538.inf_amd64_38801626506e1429\igvk32.json to vector so it can be deleted later.

Checking to see if C:\WINDOWS\SysWow64\amd-vulkan32.json contains the INF hash code cb49708b33bad074 - Intel Drivers: 0

Deleting Registry value : C:\WINDOWS\System32\DriverStore\FileRepository\ki124538.inf_amd64_38801626506e1429\igvk32.json

Checking to see if C:\WINDOWS\System32\DriverStore\FileRepository\ki124538.inf_amd64_38801626506e1429\IntelOpenCL32.dll contains the INF hash code cb49708b33bad074 - Intel Drivers: 1

Adding Registry value: C:\WINDOWS\System32\DriverStore\FileRepository\ki124538.inf_amd64_38801626506e1429\IntelOpenCL32.dll to vector so it can be deleted later.

Checking to see if C:\WINDOWS\System32\DriverStore\FileRepository\c0306912.inf_amd64_f9424864132ce326\amdocl.dll contains the INF hash code cb49708b33bad074 - Intel Drivers: 0

Checking to see if C:\WINDOWS\System32\DriverStore\FileRepository\ki125183.inf_amd64_cb49708b33bad074\IntelOpenCL32.dll contains the INF hash code cb49708b33bad074 - Intel Drivers: 1

Deleting Registry value : C:\WINDOWS\System32\DriverStore\FileRepository\ki124538.inf_amd64_38801626506e1429\IntelOpenCL32.dll

Checking to see if C:\WINDOWS\System32\DriverStore\FileRepository\ki124538.inf_amd64_38801626506e1429\igvk64.json contains the INF hash code cb49708b33bad074 - Intel Drivers: 1

Adding Registry value: C:\WINDOWS\System32\DriverStore\FileRepository\ki124538.inf_amd64_38801626506e1429\igvk64.json to vector so it can be deleted later.

Checking to see if C:\WINDOWS\System32\amd-vulkan64.json contains the INF hash code cb49708b33bad074 - Intel Drivers: 0

Deleting Registry value : C:\WINDOWS\System32\DriverStore\FileRepository\ki124538.inf_amd64_38801626506e1429\igvk64.json

Checking to see if C:\WINDOWS\System32\DriverStore\FileRepository\ki124538.inf_amd64_38801626506e1429\IntelOpenCL64.dll contains the INF hash code cb49708b33bad074 - Intel Drivers: 1

Adding Registry value: C:\WINDOWS\System32\DriverStore\FileRepository\ki124538.inf_amd64_38801626506e1429\IntelOpenCL64.dll to vector so it can be deleted later.

Checking to see if C:\WINDOWS\System32\DriverStore\FileRepository\c0306912.inf_amd64_f9424864132ce326\amdocl64.dll contains the INF hash code cb49708b33bad074 - Intel Drivers: 0

Checking to see if C:\WINDOWS\System32\DriverStore\FileRepository\ki125183.inf_amd64_cb49708b33bad074\IntelOpenCL64.dll contains the INF hash code cb49708b33bad074 - Intel Drivers: 1

Deleting Registry value : C:\WINDOWS\System32\DriverStore\FileRepository\ki124538.inf_amd64_38801626506e1429\IntelOpenCL64.dll

OS Version: 10.0.16299

Finding Vulkan Loader executable...

	Executing command: C:\WINDOWS\System32\DriverStore\FileRepository\ki125183.inf_amd64_cb49708b33bad074\VulkanRT-Installer.exe /S

Destination not greater: Install

Destination not greater: Install

Checking version.ini file

Opening INI file for OpenCL

Found string token 7.5.0.2

Opening Reg OpenCL key cpu_version for KEY_WOW64_64KEY

Setting Reg OpenCL key cpu_version for KEY_WOW64_64KEY

Opening Reg OpenCL key cpu_path for KEY_WOW64_64KEY

Setting Reg OpenCL key cpu_path for KEY_WOW64_64KEY

Opening Reg OpenCL key cpu_version for KEY_WOW64_32KEY

Setting Reg OpenCL key cpu_version for KEY_WOW64_32KEY

Opening Reg OpenCL key cpu_path for KEY_WOW64_32KEY

Setting Reg OpenCL key cpu_path for KEY_WOW64_32KEY

Getting path to executing DLL...

	Path to executing dll is: C:\WINDOWS\System32\DriverStore\FileRepository\ki125183.inf_amd64_cb49708b33bad074

Preparing to launch installer

	 Obtaining INF filename

		 Filename: C:\WINDOWS\INF\oem35.inf

		 HWID: pci\ven_8086&dev_5916&subsys_07671028

		 Section: iKBLD_w10_DS

		 PackageInfo/INFSource: C:\WINDOWS\SoftwareDistribution\Download\Install

		 Using source path: C:\WINDOWS\SoftwareDistribution\Download\Install

	 OS Version: 0xA

	 Attempting to extract CAB file...

		 Source = C:\WINDOWS\System32\DriverStore\FileRepository\ki125183.inf_amd64_cb49708b33bad074\igxplang.cab

		 Destination = C:\WINDOWS\temp\intel-gfx-installer-C3D9886E-5DDF-48BC-AD93-09E28F54964A\Lang

		 Error locating CAB file: 0x2

	 Error locating installer at: C:\WINDOWS\System32\DriverStore\FileRepository\ki125183.inf_amd64_cb49708b33bad074\igxpun.exe

	 Using installer located at: C:\WINDOWS\SoftwareDistribution\Download\Install\igxpun.exe

	 Launching installer: C:\WINDOWS\SoftwareDistribution\Download\Install\igxpun.exe -s -report "c:\Intel\Logs" -coin "C:\WINDOWS\INF\oem35.inf"

		 Installer launched successfully

		 Installer exit code: 0

*Exiting*

OS Version: 10.0.16299

OS Version: 10.0.16299

